[0511/223037:INFO:CONSOLE(0)] "app router initialize," source: file:///C:/Users/Administrator/AppData/Roaming/Adobe/CEPServiceManager4/extensions/cutterman/js/cutterman.js(10)
[0511/223038:INFO:CONSOLE(0)] "PNG," source: file:///C:/Users/Administrator/AppData/Roaming/Adobe/CEPServiceManager4/extensions/cutterman/js/cutterman.js(516)
[0511/223038:INFO:CONSOLE(0)] "{"samefile":"cover","androidCurrentDpi":"不设置","iosCurrentDpi":"不设置","androidDpi":{"XXXHDPI":"1440","XXHDPI":"1080","XHDPI":"720","HDPI":"540","MDPI":"360"},"iosDpi":{"3X":"960","2X":"640","1X":"320"},"format":"PNG-24","quality":"PNG-24","output":"~/Desktop","merge":true,"target":["web"],"bounds":[0,0]}," source: file:///C:/Users/Administrator/AppData/Roaming/Adobe/CEPServiceManager4/extensions/cutterman/js/cutterman.js(523)
[0511/223039:INFO:CONSOLE(0)] "XMLHttpRequest cannot load http://www.cutterman.cn/rank/submit. Origin null is not allowed by Access-Control-Allow-Origin.," source: (0)
[0511/223040:INFO:CONSOLE(0)] "PNG," source: file:///C:/Users/Administrator/AppData/Roaming/Adobe/CEPServiceManager4/extensions/cutterman/js/cutterman.js(516)
[0511/223040:INFO:CONSOLE(0)] "{"samefile":"cover","androidCurrentDpi":"不设置","iosCurrentDpi":"不设置","androidDpi":{"XXXHDPI":"1440","XXHDPI":"1080","XHDPI":"720","HDPI":"540","MDPI":"360"},"iosDpi":{"3X":"960","2X":"640","1X":"320"},"format":"PNG-24","quality":"PNG-24","output":"~/Desktop","merge":true,"target":["web"],"bounds":[0,0]}," source: file:///C:/Users/Administrator/AppData/Roaming/Adobe/CEPServiceManager4/extensions/cutterman/js/cutterman.js(523)
[0511/223041:INFO:CONSOLE(0)] "XMLHttpRequest cannot load http://www.cutterman.cn/rank/submit. Origin null is not allowed by Access-Control-Allow-Origin.," source: (0)
[0511/223141:INFO:CONSOLE(0)] "PNG," source: file:///C:/Users/Administrator/AppData/Roaming/Adobe/CEPServiceManager4/extensions/cutterman/js/cutterman.js(516)
[0511/223141:INFO:CONSOLE(0)] "{"samefile":"cover","androidCurrentDpi":"不设置","iosCurrentDpi":"不设置","androidDpi":{"XXXHDPI":"1440","XXHDPI":"1080","XHDPI":"720","HDPI":"540","MDPI":"360"},"iosDpi":{"3X":"960","2X":"640","1X":"320"},"format":"PNG-24","quality":"PNG-24","output":"~/Desktop","merge":true,"target":["web"],"bounds":[0,0]}," source: file:///C:/Users/Administrator/AppData/Roaming/Adobe/CEPServiceManager4/extensions/cutterman/js/cutterman.js(523)
[0511/223142:INFO:CONSOLE(0)] "XMLHttpRequest cannot load http://www.cutterman.cn/rank/submit. Origin null is not allowed by Access-Control-Allow-Origin.," source: (0)
[0511/223508:INFO:CONSOLE(0)] "PNG," source: file:///C:/Users/Administrator/AppData/Roaming/Adobe/CEPServiceManager4/extensions/cutterman/js/cutterman.js(516)
[0511/223508:INFO:CONSOLE(0)] "{"samefile":"cover","androidCurrentDpi":"不设置","iosCurrentDpi":"不设置","androidDpi":{"XXXHDPI":"1440","XXHDPI":"1080","XHDPI":"720","HDPI":"540","MDPI":"360"},"iosDpi":{"3X":"960","2X":"640","1X":"320"},"format":"PNG-24","quality":"PNG-24","output":"~/Desktop","merge":true,"target":["web"],"bounds":[0,0]}," source: file:///C:/Users/Administrator/AppData/Roaming/Adobe/CEPServiceManager4/extensions/cutterman/js/cutterman.js(523)
[0511/223509:INFO:CONSOLE(0)] "XMLHttpRequest cannot load http://www.cutterman.cn/rank/submit. Origin null is not allowed by Access-Control-Allow-Origin.," source: (0)
[0511/223527:INFO:CONSOLE(0)] "PNG," source: file:///C:/Users/Administrator/AppData/Roaming/Adobe/CEPServiceManager4/extensions/cutterman/js/cutterman.js(516)
[0511/223527:INFO:CONSOLE(0)] "{"samefile":"cover","androidCurrentDpi":"不设置","iosCurrentDpi":"不设置","androidDpi":{"XXXHDPI":"1440","XXHDPI":"1080","XHDPI":"720","HDPI":"540","MDPI":"360"},"iosDpi":{"3X":"960","2X":"640","1X":"320"},"format":"PNG-24","quality":"PNG-24","output":"~/Desktop","merge":true,"target":["web"],"bounds":[0,0]}," source: file:///C:/Users/Administrator/AppData/Roaming/Adobe/CEPServiceManager4/extensions/cutterman/js/cutterman.js(523)
[0511/223528:INFO:CONSOLE(0)] "XMLHttpRequest cannot load http://www.cutterman.cn/rank/submit. Origin null is not allowed by Access-Control-Allow-Origin.," source: (0)
[0511/223552:INFO:CONSOLE(0)] "PNG," source: file:///C:/Users/Administrator/AppData/Roaming/Adobe/CEPServiceManager4/extensions/cutterman/js/cutterman.js(516)
[0511/223552:INFO:CONSOLE(0)] "{"samefile":"cover","androidCurrentDpi":"不设置","iosCurrentDpi":"不设置","androidDpi":{"XXXHDPI":"1440","XXHDPI":"1080","XHDPI":"720","HDPI":"540","MDPI":"360"},"iosDpi":{"3X":"960","2X":"640","1X":"320"},"format":"PNG-24","quality":"PNG-24","output":"~/Desktop","merge":true,"target":["web"],"bounds":[0,0]}," source: file:///C:/Users/Administrator/AppData/Roaming/Adobe/CEPServiceManager4/extensions/cutterman/js/cutterman.js(523)
[0511/223553:INFO:CONSOLE(0)] "XMLHttpRequest cannot load http://www.cutterman.cn/rank/submit. Origin null is not allowed by Access-Control-Allow-Origin.," source: (0)
[0511/223606:INFO:CONSOLE(0)] "PNG," source: file:///C:/Users/Administrator/AppData/Roaming/Adobe/CEPServiceManager4/extensions/cutterman/js/cutterman.js(516)
[0511/223606:INFO:CONSOLE(0)] "{"samefile":"cover","androidCurrentDpi":"不设置","iosCurrentDpi":"不设置","androidDpi":{"XXXHDPI":"1440","XXHDPI":"1080","XHDPI":"720","HDPI":"540","MDPI":"360"},"iosDpi":{"3X":"960","2X":"640","1X":"320"},"format":"PNG-24","quality":"PNG-24","output":"~/Desktop","merge":true,"target":["web"],"bounds":[0,0]}," source: file:///C:/Users/Administrator/AppData/Roaming/Adobe/CEPServiceManager4/extensions/cutterman/js/cutterman.js(523)
[0511/223607:INFO:CONSOLE(0)] "XMLHttpRequest cannot load http://www.cutterman.cn/rank/submit. Origin null is not allowed by Access-Control-Allow-Origin.," source: (0)
[0517/205238:INFO:CONSOLE(0)] "app router initialize," source: file:///C:/Users/Administrator/AppData/Roaming/Adobe/CEPServiceManager4/extensions/cutterman/js/cutterman.js(10)
[0517/205238:INFO:CONSOLE(0)] "PNG," source: file:///C:/Users/Administrator/AppData/Roaming/Adobe/CEPServiceManager4/extensions/cutterman/js/cutterman.js(516)
[0517/205238:INFO:CONSOLE(0)] "{"samefile":"cover","androidCurrentDpi":"不设置","iosCurrentDpi":"不设置","androidDpi":{"XXXHDPI":"1440","XXHDPI":"1080","XHDPI":"720","HDPI":"540","MDPI":"360"},"iosDpi":{"3X":"960","2X":"640","1X":"320"},"format":"PNG-24","quality":"PNG-24","output":"~/Desktop/qietu","merge":true,"target":["web"],"bounds":[0,0]}," source: file:///C:/Users/Administrator/AppData/Roaming/Adobe/CEPServiceManager4/extensions/cutterman/js/cutterman.js(523)
[0517/205240:INFO:CONSOLE(0)] "XMLHttpRequest cannot load http://www.cutterman.cn/rank/submit. Origin null is not allowed by Access-Control-Allow-Origin.," source: (0)
